  mainServer.cpp
D:\infoVS\Projects\kqnet\kqnet\netServer\server.h(58,18): warning C4834: discarding return value of function with 'nodiscard' attribute
D:\infoVS\Projects\kqnet\kqnet\netServer\server.h(55): message : while compiling class template member function 'void kq::server_interface<ServerTags>::__RemoveClient(kq::connection<T> *)'
          with
          [
              T=ServerTags
          ]
D:\infoVS\Projects\kqnet\kqnet\netCommon\connection.h(243): message : see reference to function template instantiation 'void kq::server_interface<ServerTags>::__RemoveClient(kq::connection<T> *)' being compiled
          with
          [
              T=ServerTags
          ]
D:\infoVS\Projects\kqnet\kqnet\netServer\mainServer.cpp(22): message : see reference to class template instantiation 'kq::server_interface<ServerTags>' being compiled
D:\infoVS\Projects\kqnet\kqnet\netServer\server.h(65,18): warning C4834: discarding return value of function with 'nodiscard' attribute
D:\infoVS\Projects\kqnet\kqnet\netServer\server.h(62): message : while compiling class template member function 'void kq::server_interface<ServerTags>::__RemoveUnvalidatedClient(kq::connection<T> *)'
          with
          [
              T=ServerTags
          ]
D:\infoVS\Projects\kqnet\kqnet\netCommon\connection.h(371): message : see reference to function template instantiation 'void kq::server_interface<ServerTags>::__RemoveUnvalidatedClient(kq::connection<T> *)' being compiled
          with
          [
              T=ServerTags
          ]
  netServer.vcxproj -> D:\infoVS\Projects\kqnet\kqnet\Debug\netServer.exe
