  mainClient.cpp
D:\infoVS\Headers\kqnet\include\kqnet\server.h(235,14): warning C4834: discarding return value of function with 'nodiscard' attribute
D:\infoVS\Headers\kqnet\include\kqnet\server.h(232): message : while compiling class template member function 'void kq::server_interface<T>::__RemoveClient(kq::connection<T> *)'
          with
          [
              T=ServerTags
          ]
D:\infoVS\Headers\kqnet\include\kqnet\connection.h(242): message : see reference to function template instantiation 'void kq::server_interface<T>::__RemoveClient(kq::connection<T> *)' being compiled
          with
          [
              T=ServerTags
          ]
D:\infoVS\Headers\kqnet\include\kqnet\connection.h(242): message : see reference to class template instantiation 'kq::server_interface<T>' being compiled
          with
          [
              T=ServerTags
          ]
D:\infoVS\Headers\kqnet\include\kqnet\connection.h(214): message : while compiling class template member function 'void kq::connection<T>::WriteHead(void)'
          with
          [
              T=ServerTags
          ]
D:\infoVS\Headers\kqnet\include\kqnet\connection.h(207): message : see reference to function template instantiation 'void kq::connection<T>::WriteHead(void)' being compiled
          with
          [
              T=ServerTags
          ]
D:\infoVS\Headers\kqnet\include\kqnet\client.h(89): message : while compiling class template member function 'void kq::client_interface<ServerTags>::Disconnect(void)'
D:\infoVS\Headers\kqnet\include\kqnet\client.h(54): message : see reference to function template instantiation 'void kq::client_interface<ServerTags>::Disconnect(void)' being compiled
D:\infoVS\Headers\kqnet\include\kqnet\client.h(46): message : while compiling class template member function 'kq::client_interface<ServerTags>::client_interface(uint64_t (__cdecl *)(uint64_t))'
D:\infoVS\Headers\kqnet\include\mainClient.cpp(25): message : see reference to function template instantiation 'kq::client_interface<ServerTags>::client_interface(uint64_t (__cdecl *)(uint64_t))' being compiled
D:\infoVS\Headers\kqnet\include\mainClient.cpp(23): message : see reference to class template instantiation 'kq::client_interface<ServerTags>' being compiled
D:\infoVS\Headers\kqnet\include\kqnet\server.h(243,14): warning C4834: discarding return value of function with 'nodiscard' attribute
D:\infoVS\Headers\kqnet\include\kqnet\server.h(240): message : while compiling class template member function 'void kq::server_interface<T>::__RemoveUnvalidatedClient(kq::connection<T> *)'
          with
          [
              T=ServerTags
          ]
D:\infoVS\Headers\kqnet\include\kqnet\connection.h(406): message : see reference to function template instantiation 'void kq::server_interface<T>::__RemoveUnvalidatedClient(kq::connection<T> *)' being compiled
          with
          [
              T=ServerTags
          ]
  mainServer.cpp
D:\infoVS\Headers\kqnet\include\kqnet\server.h(235,14): warning C4834: discarding return value of function with 'nodiscard' attribute
D:\infoVS\Headers\kqnet\include\kqnet\server.h(232): message : while compiling class template member function 'void kq::server_interface<ServerTags>::__RemoveClient(kq::connection<T> *)'
          with
          [
              T=ServerTags
          ]
D:\infoVS\Headers\kqnet\include\kqnet\connection.h(242): message : see reference to function template instantiation 'void kq::server_interface<ServerTags>::__RemoveClient(kq::connection<T> *)' being compiled
          with
          [
              T=ServerTags
          ]
D:\infoVS\Headers\kqnet\include\kqnet\server.h(117): message : while compiling class template member function 'void kq::server_interface<ServerTags>::Stop(void)'
D:\infoVS\Headers\kqnet\include\kqnet\server.h(90): message : see reference to function template instantiation 'void kq::server_interface<ServerTags>::Stop(void)' being compiled
D:\infoVS\Headers\kqnet\include\kqnet\server.h(82): message : while compiling class template member function 'kq::server_interface<ServerTags>::server_interface(uint16_t,uint64_t (__cdecl *)(uint64_t))'
D:\infoVS\Headers\kqnet\include\mainServer.cpp(23): message : see reference to function template instantiation 'kq::server_interface<ServerTags>::server_interface(uint16_t,uint64_t (__cdecl *)(uint64_t))' being compiled
D:\infoVS\Headers\kqnet\include\mainServer.cpp(22): message : see reference to class template instantiation 'kq::server_interface<ServerTags>' being compiled
D:\infoVS\Headers\kqnet\include\kqnet\server.h(243,14): warning C4834: discarding return value of function with 'nodiscard' attribute
D:\infoVS\Headers\kqnet\include\kqnet\server.h(240): message : while compiling class template member function 'void kq::server_interface<ServerTags>::__RemoveUnvalidatedClient(kq::connection<T> *)'
          with
          [
              T=ServerTags
          ]
D:\infoVS\Headers\kqnet\include\kqnet\connection.h(370): message : see reference to function template instantiation 'void kq::server_interface<ServerTags>::__RemoveUnvalidatedClient(kq::connection<T> *)' being compiled
          with
          [
              T=ServerTags
          ]
D:\infoVS\Headers\kqnet\include\kqnet\connection.h(351): message : while compiling class template member function 'void kq::connection<T>::WriteValidation(void)'
          with
          [
              T=ServerTags
          ]
D:\infoVS\Headers\kqnet\include\kqnet\connection.h(145): message : see reference to function template instantiation 'void kq::connection<T>::WriteValidation(void)' being compiled
          with
          [
              T=ServerTags
          ]
D:\infoVS\Headers\kqnet\include\kqnet\server.h(232): message : while compiling class template member function 'void kq::server_interface<ServerTags>::__RemoveClient(kq::connection<T> *)'
          with
          [
              T=ServerTags
          ]
D:\infoVS\Headers\kqnet\include\kqnet\connection.h(242): message : see reference to function template instantiation 'void kq::server_interface<ServerTags>::__RemoveClient(kq::connection<T> *)' being compiled
          with
          [
              T=ServerTags
          ]
  Generating Code...
mainServer.obj : error LNK2005: "unsigned __int64 __cdecl scramble(unsigned __int64)" (?scramble@@YA_K_K@Z) already defined in mainClient.obj
mainServer.obj : error LNK2005: _main already defined in mainClient.obj
D:\infoVS\Headers\kqnet\Debug\kqnet.exe : fatal error LNK1169: one or more multiply defined symbols found
